[17:21:12] [ServerMain/INFO]: Environment: authHost='https://authserver.mojang.com', accountsHost='https://api.mojang.com', sessionHost='https://sessionserver.mojang.com', servicesHost='https://api.minecraftservices.com', name='PROD'
[17:21:13] [ServerMain/INFO]: Reloading ResourceManager: Default, bukkit
[17:21:14] [Worker-Main-1/INFO]: Loaded 7 recipes
[17:21:16] [Server thread/INFO]: Starting minecraft server version 1.18.1
[17:21:16] [Server thread/INFO]: Loading properties
[17:21:16] [Server thread/INFO]: This server is running Paper version git-Paper-187 (MC: 1.18.1) (Implementing API version 1.18.1-R0.1-SNAPSHOT) (Git: 0cc2503)
[17:21:17] [Server thread/INFO]: Server Ping Player Sample Count: 12
[17:21:17] [Server thread/INFO]: Using 4 threads for Netty based IO
[17:21:17] [Server thread/INFO]: Default game type: SURVIVAL
[17:21:17] [Server thread/INFO]: Generating keypair
[17:21:17] [Server thread/INFO]: Starting Minecraft server on *:25565
[17:21:17] [Server thread/INFO]: Using default channel type
[17:21:17] [Server thread/INFO]: Paper: Using Java 11 compression from Velocity.
[17:21:17] [Server thread/INFO]: Paper: Using Java cipher from Velocity.
[17:21:18] [Server thread/INFO]: [TabList] Loading TabList v5.6.1
[17:21:18] [Server thread/INFO]: Server permissions file permissions.yml is empty, ignoring it
[17:21:18] [Server thread/WARN]: **** SERVER IS RUNNING IN OFFLINE/INSECURE MODE!
[17:21:18] [Server thread/WARN]: The server will make no attempt to authenticate usernames. Beware.
[17:21:18] [Server thread/WARN]: While this makes the game possible to play without internet access, it also opens up the ability for hackers to connect with any username they choose.
[17:21:18] [Server thread/WARN]: To change this, set "online-mode" to "true" in the server.properties file.
[17:21:18] [Server thread/INFO]: Preparing level "world"
[17:21:20] [Server thread/INFO]: Preparing start region for dimension minecraft:overworld
[17:21:20] [Server thread/INFO]: Time elapsed: 312 ms
[17:21:20] [Server thread/INFO]: Preparing start region for dimension minecraft:the_nether
[17:21:20] [Server thread/INFO]: Time elapsed: 158 ms
[17:21:20] [Server thread/INFO]: Preparing start region for dimension minecraft:the_end
[17:21:20] [Server thread/INFO]: Time elapsed: 111 ms
[17:21:20] [Server thread/INFO]: [TabList] Enabling TabList v5.6.1
[17:21:21] [Server thread/INFO]: [TabList] > Enabled v5.6.1 (556ms)
[17:21:21] [Server thread/INFO]: Running delayed init tasks
[17:21:21] [Server thread/INFO]: Done (4.856s)! For help, type "help"
[17:21:21] [Server thread/INFO]: Timings Reset
[17:22:16] [User Authenticator #1/INFO]: UUID of player SoHailStorm is 2c9792ac-6d4d-362b-a934-d39e75fcfc63
[17:22:17] [Server thread/INFO]: SoHailStorm joined the game
[17:22:17] [Server thread/INFO]: SoHailStorm[/192.168.0.106:62270] logged in with entity id 149 at ([world]2815.678559436001, 104.0, 3451.6765655844224)
[17:22:42] [Server thread/INFO]: SoHailStorm lost connection: Disconnected
[17:22:42] [Server thread/INFO]: SoHailStorm left the game
[17:22:45] [User Authenticator #1/INFO]: UUID of player SoHailStorm is 2c9792ac-6d4d-362b-a934-d39e75fcfc63
[17:22:45] [Server thread/INFO]: SoHailStorm joined the game
[17:22:45] [Server thread/INFO]: SoHailStorm[/192.168.0.106:62289] logged in with entity id 377 at ([world]2814.6367810565985, 104.0, 3453.222361124826)
[17:34:23] [Server thread/WARN]: UUID of added entity already exists: EntityChicken['Chicken'/1960, uuid='29e6ffe6-ee85-4348-819e-0ddc7368bd66', l='ServerLevel[world]', x=2591.96, y=61.00, z=3513.50, cpos=[161, 219], tl=297268, v=false]
[17:40:33] [Server thread/INFO]: SoHailStorm lost connection: Disconnected
[17:40:33] [Server thread/INFO]: SoHailStorm left the game
[17:41:28] [User Authenticator #2/INFO]: UUID of player SoHailStorm is 2c9792ac-6d4d-362b-a934-d39e75fcfc63
[17:41:28] [Server thread/INFO]: SoHailStorm joined the game
[17:41:28] [Server thread/INFO]: SoHailStorm[/192.168.0.106:57417] logged in with entity id 3240 at ([world]2753.7578307391827, 77.0, 3500.300000011921)
[17:42:42] [Server thread/INFO]: SoHailStorm lost connection: Disconnected
[17:42:42] [Server thread/INFO]: SoHailStorm left the game
[17:42:44] [User Authenticator #3/INFO]: UUID of player SoHailStorm is 2c9792ac-6d4d-362b-a934-d39e75fcfc63
[17:42:44] [Server thread/INFO]: SoHailStorm joined the game
[17:42:44] [Server thread/INFO]: SoHailStorm[/192.168.0.106:57433] logged in with entity id 3777 at ([world]2814.4621447757477, 104.0, 3453.4303213368694)
[17:42:52] [Server thread/INFO]: SoHailStorm lost connection: Disconnected
[17:42:52] [Server thread/INFO]: SoHailStorm left the game
[17:43:37] [User Authenticator #3/INFO]: UUID of player SoHailStorm is 2c9792ac-6d4d-362b-a934-d39e75fcfc63
[17:43:38] [Server thread/INFO]: SoHailStorm joined the game
[17:43:38] [Server thread/INFO]: SoHailStorm[/192.168.0.106:57460] logged in with entity id 3844 at ([world]2814.4621447757477, 104.0, 3453.4303213368694)
[18:38:57] [Server thread/INFO]: SoHailStorm lost connection: Disconnected
[18:38:57] [Server thread/INFO]: SoHailStorm left the game
[19:00:11] [User Authenticator #4/INFO]: UUID of player SoHailStorm is 2c9792ac-6d4d-362b-a934-d39e75fcfc63
[19:00:11] [Server thread/INFO]: SoHailStorm joined the game
[19:00:11] [Server thread/INFO]: SoHailStorm[/192.168.0.106:65030] logged in with entity id 15633 at ([world]2812.5574933186076, 104.0, 3453.5887532348925)
[19:05:01] [Server thread/INFO]: SoHailStorm lost connection: Disconnected
[19:05:01] [Server thread/INFO]: SoHailStorm left the game
[19:05:12] [Server thread/INFO]: Stopping the server
[19:05:12] [Server thread/INFO]: Stopping server
[19:05:12] [Server thread/INFO]: [TabList] Disabling TabList v5.6.1
[19:05:12] [Server thread/INFO]: Saving players
[19:05:12] [Server thread/INFO]: Saving worlds
[19:05:12] [Server thread/INFO]: Saving chunks for level 'ServerLevel[world]'/minecraft:overworld
[19:05:13] [Server thread/INFO]: Saving chunks for level 'ServerLevel[world_nether]'/minecraft:the_nether
[19:05:13] [Server thread/INFO]: Saving chunks for level 'ServerLevel[world_the_end]'/minecraft:the_end
[19:05:13] [Server thread/INFO]: ThreadedAnvilChunkStorage (world): All chunks are saved
[19:05:13] [Server thread/INFO]: ThreadedAnvilChunkStorage (DIM-1): All chunks are saved
[19:05:13] [Server thread/INFO]: ThreadedAnvilChunkStorage (DIM1): All chunks are saved
[19:05:13] [Server thread/INFO]: ThreadedAnvilChunkStorage: All dimensions are saved
[19:05:14] [Server thread/INFO]: Flushing Chunk IO
[19:05:14] [Server thread/INFO]: Closing Thread Pool
